<?xml version="1.0" encoding="UTF-8"?>
<!-- Generated by org.testng.reporters.JUnitReportReporter -->
<testsuite skipped="0" hostname="SIT-PC" name="com.crm.qa.testcases.HomePageTest" tests="3" failures="0" timestamp="18 Aug 2018 09:03:30 GMT" time="85.861" errors="0">
  <testcase name="validateUsername" time="30.273" classname="com.crm.qa.testcases.HomePageTest"/>
  <testcase name="verifyContactsLinkTest" time="29.446" classname="com.crm.qa.testcases.HomePageTest"/>
  <testcase name="validateHomePageTitle" time="26.142" classname="com.crm.qa.testcases.HomePageTest"/>
</testsuite> <!-- com.crm.qa.testcases.HomePageTest -->
